<?xml version="1.0" encoding="UTF-8" ?>
<testsuite errors="0" failures="0" hostname="james-andersons-imac.local" name="com.grailsinaction.UserTests" tests="1" time="0.0060" timestamp="2012-04-21T19:28:29">
  <properties />
  <testcase classname="com.grailsinaction.UserTests" name="testSomething" time="0.0" />
  <system-out><![CDATA[--Output from testSomething--
]]></system-out>
  <system-err><![CDATA[--Output from testSomething--
]]></system-err>
</testsuite>
